<?xml version="1.0" encoding="UTF-8"?>
<testsuite xmlns:xsi="http://www.w3.org/2001/XMLSchema-instance" xsi:noNamespaceSchemaLocation="https://maven.apache.org/surefire/maven-surefire-plugin/xsd/surefire-test-report-3.0.xsd" version="3.0" name="TestSuite" time="30.553" tests="16" errors="0" skipped="0" failures="1">
  <properties>
    <property name="java.specification.version" value="18"/>
    <property name="webdriver.chrome.driver" value="C:\Users\sreenivasa.maram\.cache\selenium\chromedriver\win64\125.0.6422.141\chromedriver.exe"/>
    <property name="sun.cpu.isalist" value="amd64"/>
    <property name="sun.jnu.encoding" value="Cp1252"/>
    <property name="java.class.path" value="C:\Users\sreenivasa.maram\eclipse-workspace\Automation\target\test-classes;C:\Users\sreenivasa.maram\eclipse-workspace\Automation\target\classes;C:\Users\sreenivasa.maram\.m2\repository\org\seleniumhq\selenium\selenium-java\4.18.1\selenium-java-4.18.1.jar;C:\Users\sreenivasa.maram\.m2\repository\org\seleniumhq\selenium\selenium-api\4.18.1\selenium-api-4.18.1.jar;C:\Users\sreenivasa.maram\.m2\repository\org\seleniumhq\selenium\selenium-chrome-driver\4.18.1\selenium-chrome-driver-4.18.1.jar;C:\Users\sreenivasa.maram\.m2\repository\com\google\auto\service\auto-service-annotations\1.1.1\auto-service-annotations-1.1.1.jar;C:\Users\sreenivasa.maram\.m2\repository\org\seleniumhq\selenium\selenium-chromium-driver\4.18.1\selenium-chromium-driver-4.18.1.jar;C:\Users\sreenivasa.maram\.m2\repository\org\seleniumhq\selenium\selenium-json\4.18.1\selenium-json-4.18.1.jar;C:\Users\sreenivasa.maram\.m2\repository\org\seleniumhq\selenium\selenium-manager\4.18.1\selenium-manager-4.18.1.jar;C:\Users\sreenivasa.maram\.m2\repository\org\seleniumhq\selenium\selenium-devtools-v120\4.18.1\selenium-devtools-v120-4.18.1.jar;C:\Users\sreenivasa.maram\.m2\repository\org\seleniumhq\selenium\selenium-devtools-v121\4.18.1\selenium-devtools-v121-4.18.1.jar;C:\Users\sreenivasa.maram\.m2\repository\org\seleniumhq\selenium\selenium-devtools-v122\4.18.1\selenium-devtools-v122-4.18.1.jar;C:\Users\sreenivasa.maram\.m2\repository\org\seleniumhq\selenium\selenium-devtools-v85\4.18.1\selenium-devtools-v85-4.18.1.jar;C:\Users\sreenivasa.maram\.m2\repository\org\seleniumhq\selenium\selenium-edge-driver\4.18.1\selenium-edge-driver-4.18.1.jar;C:\Users\sreenivasa.maram\.m2\repository\org\seleniumhq\selenium\selenium-firefox-driver\4.18.1\selenium-firefox-driver-4.18.1.jar;C:\Users\sreenivasa.maram\.m2\repository\org\seleniumhq\selenium\selenium-http\4.18.1\selenium-http-4.18.1.jar;C:\Users\sreenivasa.maram\.m2\repository\dev\failsafe\failsafe\3.3.2\failsafe-3.3.2.jar;C:\Users\sreenivasa.maram\.m2\repository\org\seleniumhq\selenium\selenium-ie-driver\4.18.1\selenium-ie-driver-4.18.1.jar;C:\Users\sreenivasa.maram\.m2\repository\org\seleniumhq\selenium\selenium-remote-driver\4.18.1\selenium-remote-driver-4.18.1.jar;C:\Users\sreenivasa.maram\.m2\repository\com\google\guava\guava\33.0.0-jre\guava-33.0.0-jre.jar;C:\Users\sreenivasa.maram\.m2\repository\com\google\guava\failureaccess\1.0.2\failureaccess-1.0.2.jar;C:\Users\sreenivasa.maram\.m2\repository\com\google\guava\listenablefuture\9999.0-empty-to-avoid-conflict-with-guava\listenablefuture-9999.0-empty-to-avoid-conflict-with-guava.jar;C:\Users\sreenivasa.maram\.m2\repository\com\google\code\findbugs\jsr305\3.0.2\jsr305-3.0.2.jar;C:\Users\sreenivasa.maram\.m2\repository\org\checkerframework\checker-qual\3.41.0\checker-qual-3.41.0.jar;C:\Users\sreenivasa.maram\.m2\repository\com\google\errorprone\error_prone_annotations\2.23.0\error_prone_annotations-2.23.0.jar;C:\Users\sreenivasa.maram\.m2\repository\com\google\j2objc\j2objc-annotations\2.8\j2objc-annotations-2.8.jar;C:\Users\sreenivasa.maram\.m2\repository\io\opentelemetry\semconv\opentelemetry-semconv\1.23.1-alpha\opentelemetry-semconv-1.23.1-alpha.jar;C:\Users\sreenivasa.maram\.m2\repository\io\opentelemetry\opentelemetry-api\1.35.0\opentelemetry-api-1.35.0.jar;C:\Users\sreenivasa.maram\.m2\repository\io\opentelemetry\opentelemetry-context\1.35.0\opentelemetry-context-1.35.0.jar;C:\Users\sreenivasa.maram\.m2\repository\io\opentelemetry\opentelemetry-exporter-logging\1.35.0\opentelemetry-exporter-logging-1.35.0.jar;C:\Users\sreenivasa.maram\.m2\repository\io\opentelemetry\opentelemetry-sdk-common\1.35.0\opentelemetry-sdk-common-1.35.0.jar;C:\Users\sreenivasa.maram\.m2\repository\io\opentelemetry\opentelemetry-sdk-extension-autoconfigure-spi\1.35.0\opentelemetry-sdk-extension-autoconfigure-spi-1.35.0.jar;C:\Users\sreenivasa.maram\.m2\repository\io\opentelemetry\opentelemetry-sdk-extension-autoconfigure\1.35.0\opentelemetry-sdk-extension-autoconfigure-1.35.0.jar;C:\Users\sreenivasa.maram\.m2\repository\io\opentelemetry\opentelemetry-api-events\1.35.0-alpha\opentelemetry-api-events-1.35.0-alpha.jar;C:\Users\sreenivasa.maram\.m2\repository\io\opentelemetry\opentelemetry-sdk-trace\1.35.0\opentelemetry-sdk-trace-1.35.0.jar;C:\Users\sreenivasa.maram\.m2\repository\io\opentelemetry\opentelemetry-extension-incubator\1.35.0-alpha\opentelemetry-extension-incubator-1.35.0-alpha.jar;C:\Users\sreenivasa.maram\.m2\repository\io\opentelemetry\opentelemetry-sdk\1.35.0\opentelemetry-sdk-1.35.0.jar;C:\Users\sreenivasa.maram\.m2\repository\io\opentelemetry\opentelemetry-sdk-metrics\1.35.0\opentelemetry-sdk-metrics-1.35.0.jar;C:\Users\sreenivasa.maram\.m2\repository\io\opentelemetry\opentelemetry-sdk-logs\1.35.0\opentelemetry-sdk-logs-1.35.0.jar;C:\Users\sreenivasa.maram\.m2\repository\net\bytebuddy\byte-buddy\1.14.12\byte-buddy-1.14.12.jar;C:\Users\sreenivasa.maram\.m2\repository\org\seleniumhq\selenium\selenium-os\4.18.1\selenium-os-4.18.1.jar;C:\Users\sreenivasa.maram\.m2\repository\org\apache\commons\commons-exec\1.3\commons-exec-1.3.jar;C:\Users\sreenivasa.maram\.m2\repository\org\seleniumhq\selenium\selenium-safari-driver\4.18.1\selenium-safari-driver-4.18.1.jar;C:\Users\sreenivasa.maram\.m2\repository\org\seleniumhq\selenium\selenium-support\4.18.1\selenium-support-4.18.1.jar;C:\Users\sreenivasa.maram\.m2\repository\org\testng\testng\7.3.0\testng-7.3.0.jar;C:\Users\sreenivasa.maram\.m2\repository\com\beust\jcommander\1.78\jcommander-1.78.jar;C:\Users\sreenivasa.maram\.m2\repository\org\apache\ant\ant\1.10.3\ant-1.10.3.jar;C:\Users\sreenivasa.maram\.m2\repository\org\apache\ant\ant-launcher\1.10.3\ant-launcher-1.10.3.jar;C:\Users\sreenivasa.maram\.m2\repository\junit\junit\4.12\junit-4.12.jar;C:\Users\sreenivasa.maram\.m2\repository\org\hamcrest\hamcrest-core\1.3\hamcrest-core-1.3.jar;C:\Users\sreenivasa.maram\.m2\repository\com\google\inject\guice\4.2.2\guice-4.2.2-no_aop.jar;C:\Users\sreenivasa.maram\.m2\repository\javax\inject\javax.inject\1\javax.inject-1.jar;C:\Users\sreenivasa.maram\.m2\repository\aopalliance\aopalliance\1.0\aopalliance-1.0.jar;C:\Users\sreenivasa.maram\.m2\repository\org\yaml\snakeyaml\1.21\snakeyaml-1.21.jar;C:\Users\sreenivasa.maram\.m2\repository\io\github\bonigarcia\webdrivermanager\5.7.0\webdrivermanager-5.7.0.jar;C:\Users\sreenivasa.maram\.m2\repository\org\slf4j\slf4j-api\2.0.12\slf4j-api-2.0.12.jar;C:\Users\sreenivasa.maram\.m2\repository\com\google\code\gson\gson\2.10.1\gson-2.10.1.jar;C:\Users\sreenivasa.maram\.m2\repository\com\github\docker-java\docker-java\3.3.5\docker-java-3.3.5.jar;C:\Users\sreenivasa.maram\.m2\repository\com\github\docker-java\docker-java-core\3.3.5\docker-java-core-3.3.5.jar;C:\Users\sreenivasa.maram\.m2\repository\com\github\docker-java\docker-java-api\3.3.5\docker-java-api-3.3.5.jar;C:\Users\sreenivasa.maram\.m2\repository\com\fasterxml\jackson\core\jackson-annotations\2.10.3\jackson-annotations-2.10.3.jar;C:\Users\sreenivasa.maram\.m2\repository\com\fasterxml\jackson\core\jackson-databind\2.10.3\jackson-databind-2.10.3.jar;C:\Users\sreenivasa.maram\.m2\repository\com\fasterxml\jackson\core\jackson-core\2.10.3\jackson-core-2.10.3.jar;C:\Users\sreenivasa.maram\.m2\repository\org\bouncycastle\bcpkix-jdk18on\1.76\bcpkix-jdk18on-1.76.jar;C:\Users\sreenivasa.maram\.m2\repository\org\bouncycastle\bcprov-jdk18on\1.76\bcprov-jdk18on-1.76.jar;C:\Users\sreenivasa.maram\.m2\repository\org\bouncycastle\bcutil-jdk18on\1.76\bcutil-jdk18on-1.76.jar;C:\Users\sreenivasa.maram\.m2\repository\org\slf4j\jcl-over-slf4j\1.7.30\jcl-over-slf4j-1.7.30.jar;C:\Users\sreenivasa.maram\.m2\repository\com\github\docker-java\docker-java-transport-httpclient5\3.3.5\docker-java-transport-httpclient5-3.3.5.jar;C:\Users\sreenivasa.maram\.m2\repository\com\github\docker-java\docker-java-transport\3.3.5\docker-java-transport-3.3.5.jar;C:\Users\sreenivasa.maram\.m2\repository\net\java\dev\jna\jna\5.13.0\jna-5.13.0.jar;C:\Users\sreenivasa.maram\.m2\repository\org\brotli\dec\0.1.2\dec-0.1.2.jar;C:\Users\sreenivasa.maram\.m2\repository\org\apache\commons\commons-lang3\3.14.0\commons-lang3-3.14.0.jar;C:\Users\sreenivasa.maram\.m2\repository\org\apache\commons\commons-compress\1.26.0\commons-compress-1.26.0.jar;C:\Users\sreenivasa.maram\.m2\repository\org\apache\httpcomponents\client5\httpclient5\5.2.1\httpclient5-5.2.1.jar;C:\Users\sreenivasa.maram\.m2\repository\org\apache\httpcomponents\core5\httpcore5\5.2\httpcore5-5.2.jar;C:\Users\sreenivasa.maram\.m2\repository\org\apache\httpcomponents\core5\httpcore5-h2\5.2\httpcore5-h2-5.2.jar;C:\Users\sreenivasa.maram\.m2\repository\org\apache\logging\log4j\log4j-core\2.23.1\log4j-core-2.23.1.jar;C:\Users\sreenivasa.maram\.m2\repository\org\apache\logging\log4j\log4j-api\2.23.1\log4j-api-2.23.1.jar;C:\Users\sreenivasa.maram\.m2\repository\org\apache\poi\poi\5.2.4\poi-5.2.4.jar;C:\Users\sreenivasa.maram\.m2\repository\commons-codec\commons-codec\1.16.0\commons-codec-1.16.0.jar;C:\Users\sreenivasa.maram\.m2\repository\org\apache\commons\commons-collections4\4.4\commons-collections4-4.4.jar;C:\Users\sreenivasa.maram\.m2\repository\org\apache\commons\commons-math3\3.6.1\commons-math3-3.6.1.jar;C:\Users\sreenivasa.maram\.m2\repository\commons-io\commons-io\2.13.0\commons-io-2.13.0.jar;C:\Users\sreenivasa.maram\.m2\repository\com\zaxxer\SparseBitSet\1.3\SparseBitSet-1.3.jar;C:\Users\sreenivasa.maram\.m2\repository\org\apache\poi\poi-ooxml\5.2.4\poi-ooxml-5.2.4.jar;C:\Users\sreenivasa.maram\.m2\repository\org\apache\poi\poi-ooxml-lite\5.2.4\poi-ooxml-lite-5.2.4.jar;C:\Users\sreenivasa.maram\.m2\repository\org\apache\xmlbeans\xmlbeans\5.1.1\xmlbeans-5.1.1.jar;C:\Users\sreenivasa.maram\.m2\repository\com\github\virtuald\curvesapi\1.08\curvesapi-1.08.jar;C:\Users\sreenivasa.maram\.m2\repository\io\cucumber\cucumber-java\7.3.0\cucumber-java-7.3.0.jar;C:\Users\sreenivasa.maram\.m2\repository\io\cucumber\cucumber-core\7.3.0\cucumber-core-7.3.0.jar;C:\Users\sreenivasa.maram\.m2\repository\io\cucumber\cucumber-gherkin\7.3.0\cucumber-gherkin-7.3.0.jar;C:\Users\sreenivasa.maram\.m2\repository\io\cucumber\cucumber-gherkin-messages\7.3.0\cucumber-gherkin-messages-7.3.0.jar;C:\Users\sreenivasa.maram\.m2\repository\io\cucumber\gherkin\23.0.1\gherkin-23.0.1.jar;C:\Users\sreenivasa.maram\.m2\repository\io\cucumber\messages\18.0.0\messages-18.0.0.jar;C:\Users\sreenivasa.maram\.m2\repository\io\cucumber\tag-expressions\4.1.0\tag-expressions-4.1.0.jar;C:\Users\sreenivasa.maram\.m2\repository\io\cucumber\cucumber-expressions\15.0.2\cucumber-expressions-15.0.2.jar;C:\Users\sreenivasa.maram\.m2\repository\io\cucumber\datatable\7.3.0\datatable-7.3.0.jar;C:\Users\sreenivasa.maram\.m2\repository\io\cucumber\cucumber-plugin\7.3.0\cucumber-plugin-7.3.0.jar;C:\Users\sreenivasa.maram\.m2\repository\io\cucumber\docstring\7.3.0\docstring-7.3.0.jar;C:\Users\sreenivasa.maram\.m2\repository\io\cucumber\html-formatter\19.1.0\html-formatter-19.1.0.jar;C:\Users\sreenivasa.maram\.m2\repository\io\cucumber\ci-environment\9.0.4\ci-environment-9.0.4.jar;C:\Users\sreenivasa.maram\.m2\repository\org\apiguardian\apiguardian-api\1.1.2\apiguardian-api-1.1.2.jar;C:\Users\sreenivasa.maram\.m2\repository\io\cucumber\cucumber-testng\7.3.0\cucumber-testng-7.3.0.jar;C:\Users\sreenivasa.maram\.m2\repository\io\cucumber\cucumber-picocontainer\7.17.0\cucumber-picocontainer-7.17.0.jar;C:\Users\sreenivasa.maram\.m2\repository\org\picocontainer\picocontainer\2.15\picocontainer-2.15.jar;C:\Users\sreenivasa.maram\.m2\repository\tech\grasshopper\extentreports-cucumber7-adapter\1.14.0\extentreports-cucumber7-adapter-1.14.0.jar;C:\Users\sreenivasa.maram\.m2\repository\tech\grasshopper\extent-pdf-report\2.12.0\extent-pdf-report-2.12.0.jar;C:\Users\sreenivasa.maram\.m2\repository\tech\grasshopper\cucumber-pdf-report\2.14.0\cucumber-pdf-report-2.14.0.jar;C:\Users\sreenivasa.maram\.m2\repository\org\apache\pdfbox\pdfbox\2.0.26\pdfbox-2.0.26.jar;C:\Users\sreenivasa.maram\.m2\repository\org\apache\pdfbox\fontbox\2.0.26\fontbox-2.0.26.jar;C:\Users\sreenivasa.maram\.m2\repository\org\knowm\xchart\xchart\3.8.0\xchart-3.8.0.jar;C:\Users\sreenivasa.maram\.m2\repository\de\erichseifert\vectorgraphics2d\VectorGraphics2D\0.13\VectorGraphics2D-0.13.jar;C:\Users\sreenivasa.maram\.m2\repository\de\rototor\pdfbox\graphics2d\0.30\graphics2d-0.30.jar;C:\Users\sreenivasa.maram\.m2\repository\com\madgag\animated-gif-lib\1.4\animated-gif-lib-1.4.jar;C:\Users\sreenivasa.maram\.m2\repository\tech\grasshopper\table-layout\1.5.1\table-layout-1.5.1.jar;C:\Users\sreenivasa.maram\.m2\repository\tech\grasshopper\rest-assured-cucumber-pdf-report\1.5.0\rest-assured-cucumber-pdf-report-1.5.0.jar;C:\Users\sreenivasa.maram\.m2\repository\org\jsoup\jsoup\1.15.3\jsoup-1.15.3.jar;C:\Users\sreenivasa.maram\.m2\repository\com\aventstack\klov-reporter\5.1.0\klov-reporter-5.1.0.jar;C:\Users\sreenivasa.maram\.m2\repository\org\mongodb\mongodb-driver\3.6.4\mongodb-driver-3.6.4.jar;C:\Users\sreenivasa.maram\.m2\repository\org\mongodb\mongodb-driver-core\3.6.4\mongodb-driver-core-3.6.4.jar;C:\Users\sreenivasa.maram\.m2\repository\org\mongodb\bson\3.6.4\bson-3.6.4.jar;C:\Users\sreenivasa.maram\.m2\repository\org\apache\httpcomponents\httpclient\4.5.13\httpclient-4.5.13.jar;C:\Users\sreenivasa.maram\.m2\repository\org\apache\httpcomponents\httpcore\4.4.13\httpcore-4.4.13.jar;C:\Users\sreenivasa.maram\.m2\repository\commons-logging\commons-logging\1.2\commons-logging-1.2.jar;C:\Users\sreenivasa.maram\.m2\repository\org\apache\httpcomponents\httpmime\4.5.13\httpmime-4.5.13.jar;C:\Users\sreenivasa.maram\.m2\repository\tech\grasshopper\htmlextentreporter\1.1.0\htmlextentreporter-1.1.0.jar;C:\Users\sreenivasa.maram\.m2\repository\tech\grasshopper\extent-excel-report\1.4.0\extent-excel-report-1.4.0.jar;C:\Users\sreenivasa.maram\.m2\repository\com\aventstack\extentreports\5.1.1\extentreports-5.1.1.jar;C:\Users\sreenivasa.maram\.m2\repository\io\reactivex\rxjava3\rxjava\3.1.6\rxjava-3.1.6.jar;C:\Users\sreenivasa.maram\.m2\repository\org\reactivestreams\reactive-streams\1.0.4\reactive-streams-1.0.4.jar;C:\Users\sreenivasa.maram\.m2\repository\org\freemarker\freemarker\2.3.32\freemarker-2.3.32.jar;C:\Users\sreenivasa.maram\.m2\repository\org\projectlombok\lombok\1.18.26\lombok-1.18.26.jar;"/>
    <property name="java.vm.vendor" value="Oracle Corporation"/>
    <property name="sun.arch.data.model" value="64"/>
    <property name="user.variant" value=""/>
    <property name="java.vendor.url" value="https://java.oracle.com/"/>
    <property name="user.timezone" value="Asia/Calcutta"/>
    <property name="os.name" value="Windows 11"/>
    <property name="java.vm.specification.version" value="18"/>
    <property name="sun.java.launcher" value="SUN_STANDARD"/>
    <property name="user.country" value="US"/>
    <property name="sun.boot.library.path" value="C:\Program Files\Java\jdk-18.0.2.1\bin"/>
    <property name="sun.java.command" value="C:\Users\sreenivasa.maram\AppData\Local\Temp\surefire8503298866877326532\surefirebooter-20240619171645844_3.jar C:\Users\sreenivasa.maram\AppData\Local\Temp\surefire8503298866877326532 2024-06-19T17-16-45_058-jvmRun1 surefire-20240619171645844_1tmp surefire_0-20240619171645844_2tmp"/>
    <property name="jdk.debug" value="release"/>
    <property name="surefire.test.class.path" value="C:\Users\sreenivasa.maram\eclipse-workspace\Automation\target\test-classes;C:\Users\sreenivasa.maram\eclipse-workspace\Automation\target\classes;C:\Users\sreenivasa.maram\.m2\repository\org\seleniumhq\selenium\selenium-java\4.18.1\selenium-java-4.18.1.jar;C:\Users\sreenivasa.maram\.m2\repository\org\seleniumhq\selenium\selenium-api\4.18.1\selenium-api-4.18.1.jar;C:\Users\sreenivasa.maram\.m2\repository\org\seleniumhq\selenium\selenium-chrome-driver\4.18.1\selenium-chrome-driver-4.18.1.jar;C:\Users\sreenivasa.maram\.m2\repository\com\google\auto\service\auto-service-annotations\1.1.1\auto-service-annotations-1.1.1.jar;C:\Users\sreenivasa.maram\.m2\repository\org\seleniumhq\selenium\selenium-chromium-driver\4.18.1\selenium-chromium-driver-4.18.1.jar;C:\Users\sreenivasa.maram\.m2\repository\org\seleniumhq\selenium\selenium-json\4.18.1\selenium-json-4.18.1.jar;C:\Users\sreenivasa.maram\.m2\repository\org\seleniumhq\selenium\selenium-manager\4.18.1\selenium-manager-4.18.1.jar;C:\Users\sreenivasa.maram\.m2\repository\org\seleniumhq\selenium\selenium-devtools-v120\4.18.1\selenium-devtools-v120-4.18.1.jar;C:\Users\sreenivasa.maram\.m2\repository\org\seleniumhq\selenium\selenium-devtools-v121\4.18.1\selenium-devtools-v121-4.18.1.jar;C:\Users\sreenivasa.maram\.m2\repository\org\seleniumhq\selenium\selenium-devtools-v122\4.18.1\selenium-devtools-v122-4.18.1.jar;C:\Users\sreenivasa.maram\.m2\repository\org\seleniumhq\selenium\selenium-devtools-v85\4.18.1\selenium-devtools-v85-4.18.1.jar;C:\Users\sreenivasa.maram\.m2\repository\org\seleniumhq\selenium\selenium-edge-driver\4.18.1\selenium-edge-driver-4.18.1.jar;C:\Users\sreenivasa.maram\.m2\repository\org\seleniumhq\selenium\selenium-firefox-driver\4.18.1\selenium-firefox-driver-4.18.1.jar;C:\Users\sreenivasa.maram\.m2\repository\org\seleniumhq\selenium\selenium-http\4.18.1\selenium-http-4.18.1.jar;C:\Users\sreenivasa.maram\.m2\repository\dev\failsafe\failsafe\3.3.2\failsafe-3.3.2.jar;C:\Users\sreenivasa.maram\.m2\repository\org\seleniumhq\selenium\selenium-ie-driver\4.18.1\selenium-ie-driver-4.18.1.jar;C:\Users\sreenivasa.maram\.m2\repository\org\seleniumhq\selenium\selenium-remote-driver\4.18.1\selenium-remote-driver-4.18.1.jar;C:\Users\sreenivasa.maram\.m2\repository\com\google\guava\guava\33.0.0-jre\guava-33.0.0-jre.jar;C:\Users\sreenivasa.maram\.m2\repository\com\google\guava\failureaccess\1.0.2\failureaccess-1.0.2.jar;C:\Users\sreenivasa.maram\.m2\repository\com\google\guava\listenablefuture\9999.0-empty-to-avoid-conflict-with-guava\listenablefuture-9999.0-empty-to-avoid-conflict-with-guava.jar;C:\Users\sreenivasa.maram\.m2\repository\com\google\code\findbugs\jsr305\3.0.2\jsr305-3.0.2.jar;C:\Users\sreenivasa.maram\.m2\repository\org\checkerframework\checker-qual\3.41.0\checker-qual-3.41.0.jar;C:\Users\sreenivasa.maram\.m2\repository\com\google\errorprone\error_prone_annotations\2.23.0\error_prone_annotations-2.23.0.jar;C:\Users\sreenivasa.maram\.m2\repository\com\google\j2objc\j2objc-annotations\2.8\j2objc-annotations-2.8.jar;C:\Users\sreenivasa.maram\.m2\repository\io\opentelemetry\semconv\opentelemetry-semconv\1.23.1-alpha\opentelemetry-semconv-1.23.1-alpha.jar;C:\Users\sreenivasa.maram\.m2\repository\io\opentelemetry\opentelemetry-api\1.35.0\opentelemetry-api-1.35.0.jar;C:\Users\sreenivasa.maram\.m2\repository\io\opentelemetry\opentelemetry-context\1.35.0\opentelemetry-context-1.35.0.jar;C:\Users\sreenivasa.maram\.m2\repository\io\opentelemetry\opentelemetry-exporter-logging\1.35.0\opentelemetry-exporter-logging-1.35.0.jar;C:\Users\sreenivasa.maram\.m2\repository\io\opentelemetry\opentelemetry-sdk-common\1.35.0\opentelemetry-sdk-common-1.35.0.jar;C:\Users\sreenivasa.maram\.m2\repository\io\opentelemetry\opentelemetry-sdk-extension-autoconfigure-spi\1.35.0\opentelemetry-sdk-extension-autoconfigure-spi-1.35.0.jar;C:\Users\sreenivasa.maram\.m2\repository\io\opentelemetry\opentelemetry-sdk-extension-autoconfigure\1.35.0\opentelemetry-sdk-extension-autoconfigure-1.35.0.jar;C:\Users\sreenivasa.maram\.m2\repository\io\opentelemetry\opentelemetry-api-events\1.35.0-alpha\opentelemetry-api-events-1.35.0-alpha.jar;C:\Users\sreenivasa.maram\.m2\repository\io\opentelemetry\opentelemetry-sdk-trace\1.35.0\opentelemetry-sdk-trace-1.35.0.jar;C:\Users\sreenivasa.maram\.m2\repository\io\opentelemetry\opentelemetry-extension-incubator\1.35.0-alpha\opentelemetry-extension-incubator-1.35.0-alpha.jar;C:\Users\sreenivasa.maram\.m2\repository\io\opentelemetry\opentelemetry-sdk\1.35.0\opentelemetry-sdk-1.35.0.jar;C:\Users\sreenivasa.maram\.m2\repository\io\opentelemetry\opentelemetry-sdk-metrics\1.35.0\opentelemetry-sdk-metrics-1.35.0.jar;C:\Users\sreenivasa.maram\.m2\repository\io\opentelemetry\opentelemetry-sdk-logs\1.35.0\opentelemetry-sdk-logs-1.35.0.jar;C:\Users\sreenivasa.maram\.m2\repository\net\bytebuddy\byte-buddy\1.14.12\byte-buddy-1.14.12.jar;C:\Users\sreenivasa.maram\.m2\repository\org\seleniumhq\selenium\selenium-os\4.18.1\selenium-os-4.18.1.jar;C:\Users\sreenivasa.maram\.m2\repository\org\apache\commons\commons-exec\1.3\commons-exec-1.3.jar;C:\Users\sreenivasa.maram\.m2\repository\org\seleniumhq\selenium\selenium-safari-driver\4.18.1\selenium-safari-driver-4.18.1.jar;C:\Users\sreenivasa.maram\.m2\repository\org\seleniumhq\selenium\selenium-support\4.18.1\selenium-support-4.18.1.jar;C:\Users\sreenivasa.maram\.m2\repository\org\testng\testng\7.3.0\testng-7.3.0.jar;C:\Users\sreenivasa.maram\.m2\repository\com\beust\jcommander\1.78\jcommander-1.78.jar;C:\Users\sreenivasa.maram\.m2\repository\org\apache\ant\ant\1.10.3\ant-1.10.3.jar;C:\Users\sreenivasa.maram\.m2\repository\org\apache\ant\ant-launcher\1.10.3\ant-launcher-1.10.3.jar;C:\Users\sreenivasa.maram\.m2\repository\junit\junit\4.12\junit-4.12.jar;C:\Users\sreenivasa.maram\.m2\repository\org\hamcrest\hamcrest-core\1.3\hamcrest-core-1.3.jar;C:\Users\sreenivasa.maram\.m2\repository\com\google\inject\guice\4.2.2\guice-4.2.2-no_aop.jar;C:\Users\sreenivasa.maram\.m2\repository\javax\inject\javax.inject\1\javax.inject-1.jar;C:\Users\sreenivasa.maram\.m2\repository\aopalliance\aopalliance\1.0\aopalliance-1.0.jar;C:\Users\sreenivasa.maram\.m2\repository\org\yaml\snakeyaml\1.21\snakeyaml-1.21.jar;C:\Users\sreenivasa.maram\.m2\repository\io\github\bonigarcia\webdrivermanager\5.7.0\webdrivermanager-5.7.0.jar;C:\Users\sreenivasa.maram\.m2\repository\org\slf4j\slf4j-api\2.0.12\slf4j-api-2.0.12.jar;C:\Users\sreenivasa.maram\.m2\repository\com\google\code\gson\gson\2.10.1\gson-2.10.1.jar;C:\Users\sreenivasa.maram\.m2\repository\com\github\docker-java\docker-java\3.3.5\docker-java-3.3.5.jar;C:\Users\sreenivasa.maram\.m2\repository\com\github\docker-java\docker-java-core\3.3.5\docker-java-core-3.3.5.jar;C:\Users\sreenivasa.maram\.m2\repository\com\github\docker-java\docker-java-api\3.3.5\docker-java-api-3.3.5.jar;C:\Users\sreenivasa.maram\.m2\repository\com\fasterxml\jackson\core\jackson-annotations\2.10.3\jackson-annotations-2.10.3.jar;C:\Users\sreenivasa.maram\.m2\repository\com\fasterxml\jackson\core\jackson-databind\2.10.3\jackson-databind-2.10.3.jar;C:\Users\sreenivasa.maram\.m2\repository\com\fasterxml\jackson\core\jackson-core\2.10.3\jackson-core-2.10.3.jar;C:\Users\sreenivasa.maram\.m2\repository\org\bouncycastle\bcpkix-jdk18on\1.76\bcpkix-jdk18on-1.76.jar;C:\Users\sreenivasa.maram\.m2\repository\org\bouncycastle\bcprov-jdk18on\1.76\bcprov-jdk18on-1.76.jar;C:\Users\sreenivasa.maram\.m2\repository\org\bouncycastle\bcutil-jdk18on\1.76\bcutil-jdk18on-1.76.jar;C:\Users\sreenivasa.maram\.m2\repository\org\slf4j\jcl-over-slf4j\1.7.30\jcl-over-slf4j-1.7.30.jar;C:\Users\sreenivasa.maram\.m2\repository\com\github\docker-java\docker-java-transport-httpclient5\3.3.5\docker-java-transport-httpclient5-3.3.5.jar;C:\Users\sreenivasa.maram\.m2\repository\com\github\docker-java\docker-java-transport\3.3.5\docker-java-transport-3.3.5.jar;C:\Users\sreenivasa.maram\.m2\repository\net\java\dev\jna\jna\5.13.0\jna-5.13.0.jar;C:\Users\sreenivasa.maram\.m2\repository\org\brotli\dec\0.1.2\dec-0.1.2.jar;C:\Users\sreenivasa.maram\.m2\repository\org\apache\commons\commons-lang3\3.14.0\commons-lang3-3.14.0.jar;C:\Users\sreenivasa.maram\.m2\repository\org\apache\commons\commons-compress\1.26.0\commons-compress-1.26.0.jar;C:\Users\sreenivasa.maram\.m2\repository\org\apache\httpcomponents\client5\httpclient5\5.2.1\httpclient5-5.2.1.jar;C:\Users\sreenivasa.maram\.m2\repository\org\apache\httpcomponents\core5\httpcore5\5.2\httpcore5-5.2.jar;C:\Users\sreenivasa.maram\.m2\repository\org\apache\httpcomponents\core5\httpcore5-h2\5.2\httpcore5-h2-5.2.jar;C:\Users\sreenivasa.maram\.m2\repository\org\apache\logging\log4j\log4j-core\2.23.1\log4j-core-2.23.1.jar;C:\Users\sreenivasa.maram\.m2\repository\org\apache\logging\log4j\log4j-api\2.23.1\log4j-api-2.23.1.jar;C:\Users\sreenivasa.maram\.m2\repository\org\apache\poi\poi\5.2.4\poi-5.2.4.jar;C:\Users\sreenivasa.maram\.m2\repository\commons-codec\commons-codec\1.16.0\commons-codec-1.16.0.jar;C:\Users\sreenivasa.maram\.m2\repository\org\apache\commons\commons-collections4\4.4\commons-collections4-4.4.jar;C:\Users\sreenivasa.maram\.m2\repository\org\apache\commons\commons-math3\3.6.1\commons-math3-3.6.1.jar;C:\Users\sreenivasa.maram\.m2\repository\commons-io\commons-io\2.13.0\commons-io-2.13.0.jar;C:\Users\sreenivasa.maram\.m2\repository\com\zaxxer\SparseBitSet\1.3\SparseBitSet-1.3.jar;C:\Users\sreenivasa.maram\.m2\repository\org\apache\poi\poi-ooxml\5.2.4\poi-ooxml-5.2.4.jar;C:\Users\sreenivasa.maram\.m2\repository\org\apache\poi\poi-ooxml-lite\5.2.4\poi-ooxml-lite-5.2.4.jar;C:\Users\sreenivasa.maram\.m2\repository\org\apache\xmlbeans\xmlbeans\5.1.1\xmlbeans-5.1.1.jar;C:\Users\sreenivasa.maram\.m2\repository\com\github\virtuald\curvesapi\1.08\curvesapi-1.08.jar;C:\Users\sreenivasa.maram\.m2\repository\io\cucumber\cucumber-java\7.3.0\cucumber-java-7.3.0.jar;C:\Users\sreenivasa.maram\.m2\repository\io\cucumber\cucumber-core\7.3.0\cucumber-core-7.3.0.jar;C:\Users\sreenivasa.maram\.m2\repository\io\cucumber\cucumber-gherkin\7.3.0\cucumber-gherkin-7.3.0.jar;C:\Users\sreenivasa.maram\.m2\repository\io\cucumber\cucumber-gherkin-messages\7.3.0\cucumber-gherkin-messages-7.3.0.jar;C:\Users\sreenivasa.maram\.m2\repository\io\cucumber\gherkin\23.0.1\gherkin-23.0.1.jar;C:\Users\sreenivasa.maram\.m2\repository\io\cucumber\messages\18.0.0\messages-18.0.0.jar;C:\Users\sreenivasa.maram\.m2\repository\io\cucumber\tag-expressions\4.1.0\tag-expressions-4.1.0.jar;C:\Users\sreenivasa.maram\.m2\repository\io\cucumber\cucumber-expressions\15.0.2\cucumber-expressions-15.0.2.jar;C:\Users\sreenivasa.maram\.m2\repository\io\cucumber\datatable\7.3.0\datatable-7.3.0.jar;C:\Users\sreenivasa.maram\.m2\repository\io\cucumber\cucumber-plugin\7.3.0\cucumber-plugin-7.3.0.jar;C:\Users\sreenivasa.maram\.m2\repository\io\cucumber\docstring\7.3.0\docstring-7.3.0.jar;C:\Users\sreenivasa.maram\.m2\repository\io\cucumber\html-formatter\19.1.0\html-formatter-19.1.0.jar;C:\Users\sreenivasa.maram\.m2\repository\io\cucumber\ci-environment\9.0.4\ci-environment-9.0.4.jar;C:\Users\sreenivasa.maram\.m2\repository\org\apiguardian\apiguardian-api\1.1.2\apiguardian-api-1.1.2.jar;C:\Users\sreenivasa.maram\.m2\repository\io\cucumber\cucumber-testng\7.3.0\cucumber-testng-7.3.0.jar;C:\Users\sreenivasa.maram\.m2\repository\io\cucumber\cucumber-picocontainer\7.17.0\cucumber-picocontainer-7.17.0.jar;C:\Users\sreenivasa.maram\.m2\repository\org\picocontainer\picocontainer\2.15\picocontainer-2.15.jar;C:\Users\sreenivasa.maram\.m2\repository\tech\grasshopper\extentreports-cucumber7-adapter\1.14.0\extentreports-cucumber7-adapter-1.14.0.jar;C:\Users\sreenivasa.maram\.m2\repository\tech\grasshopper\extent-pdf-report\2.12.0\extent-pdf-report-2.12.0.jar;C:\Users\sreenivasa.maram\.m2\repository\tech\grasshopper\cucumber-pdf-report\2.14.0\cucumber-pdf-report-2.14.0.jar;C:\Users\sreenivasa.maram\.m2\repository\org\apache\pdfbox\pdfbox\2.0.26\pdfbox-2.0.26.jar;C:\Users\sreenivasa.maram\.m2\repository\org\apache\pdfbox\fontbox\2.0.26\fontbox-2.0.26.jar;C:\Users\sreenivasa.maram\.m2\repository\org\knowm\xchart\xchart\3.8.0\xchart-3.8.0.jar;C:\Users\sreenivasa.maram\.m2\repository\de\erichseifert\vectorgraphics2d\VectorGraphics2D\0.13\VectorGraphics2D-0.13.jar;C:\Users\sreenivasa.maram\.m2\repository\de\rototor\pdfbox\graphics2d\0.30\graphics2d-0.30.jar;C:\Users\sreenivasa.maram\.m2\repository\com\madgag\animated-gif-lib\1.4\animated-gif-lib-1.4.jar;C:\Users\sreenivasa.maram\.m2\repository\tech\grasshopper\table-layout\1.5.1\table-layout-1.5.1.jar;C:\Users\sreenivasa.maram\.m2\repository\tech\grasshopper\rest-assured-cucumber-pdf-report\1.5.0\rest-assured-cucumber-pdf-report-1.5.0.jar;C:\Users\sreenivasa.maram\.m2\repository\org\jsoup\jsoup\1.15.3\jsoup-1.15.3.jar;C:\Users\sreenivasa.maram\.m2\repository\com\aventstack\klov-reporter\5.1.0\klov-reporter-5.1.0.jar;C:\Users\sreenivasa.maram\.m2\repository\org\mongodb\mongodb-driver\3.6.4\mongodb-driver-3.6.4.jar;C:\Users\sreenivasa.maram\.m2\repository\org\mongodb\mongodb-driver-core\3.6.4\mongodb-driver-core-3.6.4.jar;C:\Users\sreenivasa.maram\.m2\repository\org\mongodb\bson\3.6.4\bson-3.6.4.jar;C:\Users\sreenivasa.maram\.m2\repository\org\apache\httpcomponents\httpclient\4.5.13\httpclient-4.5.13.jar;C:\Users\sreenivasa.maram\.m2\repository\org\apache\httpcomponents\httpcore\4.4.13\httpcore-4.4.13.jar;C:\Users\sreenivasa.maram\.m2\repository\commons-logging\commons-logging\1.2\commons-logging-1.2.jar;C:\Users\sreenivasa.maram\.m2\repository\org\apache\httpcomponents\httpmime\4.5.13\httpmime-4.5.13.jar;C:\Users\sreenivasa.maram\.m2\repository\tech\grasshopper\htmlextentreporter\1.1.0\htmlextentreporter-1.1.0.jar;C:\Users\sreenivasa.maram\.m2\repository\tech\grasshopper\extent-excel-report\1.4.0\extent-excel-report-1.4.0.jar;C:\Users\sreenivasa.maram\.m2\repository\com\aventstack\extentreports\5.1.1\extentreports-5.1.1.jar;C:\Users\sreenivasa.maram\.m2\repository\io\reactivex\rxjava3\rxjava\3.1.6\rxjava-3.1.6.jar;C:\Users\sreenivasa.maram\.m2\repository\org\reactivestreams\reactive-streams\1.0.4\reactive-streams-1.0.4.jar;C:\Users\sreenivasa.maram\.m2\repository\org\freemarker\freemarker\2.3.32\freemarker-2.3.32.jar;C:\Users\sreenivasa.maram\.m2\repository\org\projectlombok\lombok\1.18.26\lombok-1.18.26.jar;"/>
    <property name="sun.cpu.endian" value="little"/>
    <property name="user.home" value="C:\Users\sreenivasa.maram"/>
    <property name="user.language" value="en"/>
    <property name="java.specification.vendor" value="Oracle Corporation"/>
    <property name="java.version.date" value="2022-08-18"/>
    <property name="java.home" value="C:\Program Files\Java\jdk-18.0.2.1"/>
    <property name="file.separator" value="\"/>
    <property name="basedir" value="C:\Users\sreenivasa.maram\eclipse-workspace\Automation"/>
    <property name="style.color" value="always"/>
    <property name="java.vm.compressedOopsMode" value="Zero based"/>
    <property name="line.separator" value="&#10;"/>
    <property name="java.vm.specification.vendor" value="Oracle Corporation"/>
    <property name="java.specification.name" value="Java Platform API Specification"/>
    <property name="surefire.real.class.path" value="C:\Users\sreenivasa.maram\AppData\Local\Temp\surefire8503298866877326532\surefirebooter-20240619171645844_3.jar"/>
    <property name="user.script" value=""/>
    <property name="sun.management.compiler" value="HotSpot 64-Bit Tiered Compilers"/>
    <property name="java.runtime.version" value="18.0.2.1+1-1"/>
    <property name="user.name" value="sreenivasa.maram"/>
    <property name="path.separator" value=";"/>
    <property name="os.version" value="10.0"/>
    <property name="java.runtime.name" value="Java(TM) SE Runtime Environment"/>
    <property name="file.encoding" value="UTF-8"/>
    <property name="java.vm.name" value="Java HotSpot(TM) 64-Bit Server VM"/>
    <property name="localRepository" value="C:\Users\sreenivasa.maram\.m2\repository"/>
    <property name="java.vendor.url.bug" value="https://bugreport.java.com/bugreport/"/>
    <property name="java.io.tmpdir" value="C:\Users\SREENI~1.MAR\AppData\Local\Temp\"/>
    <property name="java.version" value="18.0.2.1"/>
    <property name="user.dir" value="C:\Users\sreenivasa.maram\eclipse-workspace\Automation"/>
    <property name="os.arch" value="amd64"/>
    <property name="java.vm.specification.name" value="Java Virtual Machine Specification"/>
    <property name="sun.os.patch.level" value=""/>
    <property name="native.encoding" value="Cp1252"/>
    <property name="java.library.path" value="C:\Program Files\Java\jdk-18.0.2.1\bin;C:\windows\Sun\Java\bin;C:\windows\system32;C:\windows;C:/Users/sreenivasa.maram/.p2/pool/plugins/org.eclipse.justj.openjdk.hotspot.jre.full.win32.x86_64_17.0.10.v20240120-1143/jre/bin/server;C:/Users/sreenivasa.maram/.p2/pool/plugins/org.eclipse.justj.openjdk.hotspot.jre.full.win32.x86_64_17.0.10.v20240120-1143/jre/bin;C:\Program Files\Common Files\Oracle\Java\javapath;C:\Program Files (x86)\Common Files\Oracle\Java\javapath;C:\windows\system32;C:\windows;C:\windows\System32\Wbem;C:\windows\System32\WindowsPowerShell\v1.0\;C:\windows\System32\OpenSSH\;C:\Program Files\Microsoft VS Code\bin;C:\Program Files\Java\jdk-18.0.2.1\bin;C:\Program Files\nodejs\;C:\Users\sreenivasa.maram\AppData\Local\Programs\Python\Python312\Scripts\;C:\Users\sreenivasa.maram\AppData\Local\Programs\Python\Python312\;C:\Users\sreenivasa.maram\AppData\Local\Programs\Python\Launcher\;C:\Users\sreenivasa.maram\AppData\Local\Microsoft\WindowsApps;C:\Users\sreenivasa.maram\AppData\Roaming\npm;C:\Users\sreenivasa.maram\Desktop;;."/>
    <property name="java.vm.info" value="mixed mode, sharing"/>
    <property name="java.vendor" value="Oracle Corporation"/>
    <property name="java.vm.version" value="18.0.2.1+1-1"/>
    <property name="sun.io.unicode.encoding" value="UnicodeLittle"/>
    <property name="java.class.version" value="62.0"/>
  </properties>
  <testcase name="printUserCerds[User1, User@111](1)" classname="TestNGPracticeTests.ExcelDataProviderTest" time="0.004">
    <system-out><![CDATA[Before Suite
Before Test
true
6
5
2
User1
User@111
User2
User@222
User3
User@333
User4
User@444
121
111
Test Started: printUserCerds
username:User1, password:'0User@111
Test Passed: printUserCerds
]]></system-out>
  </testcase>
  <testcase name="printUserCerds[User2, User@222](2)" classname="TestNGPracticeTests.ExcelDataProviderTest" time="0.0">
    <system-out><![CDATA[Test Started: printUserCerds
username:User2, password:'0User@222
Test Passed: printUserCerds
]]></system-out>
  </testcase>
  <testcase name="printUserCerds[User3, User@333](3)" classname="TestNGPracticeTests.ExcelDataProviderTest" time="0.0">
    <system-out><![CDATA[Test Started: printUserCerds
username:User3, password:'0User@333
Test Passed: printUserCerds
]]></system-out>
  </testcase>
  <testcase name="printUserCerds[User4, User@444](4)" classname="TestNGPracticeTests.ExcelDataProviderTest" time="0.0">
    <system-out><![CDATA[Test Started: printUserCerds
username:User4, password:'0User@444
Test Passed: printUserCerds
]]></system-out>
  </testcase>
  <testcase name="printUserCerds[121, 111](5)" classname="TestNGPracticeTests.ExcelDataProviderTest" time="0.0">
    <system-out><![CDATA[Test Started: printUserCerds
username:121, password:'0111
Test Passed: printUserCerds
]]></system-out>
  </testcase>
  <testcase name="test1" classname="TestNGPracticeTests.SecondTest" time="8.124">
    <system-out><![CDATA[Test Started: test1
Test1 Second TEST SUCCESSFUL
Test Passed: test1
]]></system-out>
    <system-err><![CDATA[SLF4J(W): No SLF4J providers were found.
SLF4J(W): Defaulting to no-operation (NOP) logger implementation
SLF4J(W): See https://www.slf4j.org/codes.html#noProviders for further details.
Jun 19, 2024 5:16:53 PM org.openqa.selenium.devtools.CdpVersionFinder findNearestMatch
WARNING: Unable to find an exact match for CDP version 125, returning the closest version; found: 122; Please update to a Selenium version that supports CDP version 125
]]></system-err>
  </testcase>
  <testcase name="test2" classname="TestNGPracticeTests.SecondTest" time="12.967">
    <system-out><![CDATA[Test Started: test2
Test2 Second TEST SUCCESSFUL
Test Passed: test2
]]></system-out>
    <system-err><![CDATA[Jun 19, 2024 5:16:58 PM org.openqa.selenium.devtools.CdpVersionFinder findNearestMatch
WARNING: Unable to find an exact match for CDP version 125, returning the closest version; found: 122; Please update to a Selenium version that supports CDP version 125
]]></system-err>
  </testcase>
  <testcase name="test3" classname="TestNGPracticeTests.SecondTest" time="6.6">
    <system-out><![CDATA[Test Started: test3
Test3 Second TEST SUCCESSFUL
Test Passed: test3
]]></system-out>
    <system-err><![CDATA[Jun 19, 2024 5:17:10 PM org.openqa.selenium.devtools.CdpVersionFinder findNearestMatch
WARNING: Unable to find an exact match for CDP version 125, returning the closest version; found: 122; Please update to a Selenium version that supports CDP version 125
]]></system-err>
  </testcase>
  <testcase name="userCreds[abc, Abc@1](1)" classname="TestNGPracticeTests.TestDataProvider1" time="0.0">
    <system-out><![CDATA[Test Started: userCreds
abc - Abc@1
Test Passed: userCreds
]]></system-out>
  </testcase>
  <testcase name="userCreds[cde, Cde@2](2)" classname="TestNGPracticeTests.TestDataProvider1" time="0.0">
    <system-out><![CDATA[Test Started: userCreds
cde - Cde@2
Test Passed: userCreds
]]></system-out>
  </testcase>
  <testcase name="userCreds[fgh, Fgh@3](3)" classname="TestNGPracticeTests.TestDataProvider1" time="0.0">
    <system-out><![CDATA[Test Started: userCreds
fgh - Fgh@3
Test Passed: userCreds
]]></system-out>
  </testcase>
  <testcase name="userCreds[ijk, Ijk@4](4)" classname="TestNGPracticeTests.TestDataProvider1" time="0.0">
    <system-out><![CDATA[Test Started: userCreds
ijk - Ijk@4
Test Passed: userCreds
]]></system-out>
  </testcase>
  <testcase name="test1" classname="TestNGPracticeTests.TestListener" time="0.0">
    <system-out><![CDATA[Test Started: test1
Test case1
Test Passed: test1
]]></system-out>
  </testcase>
  <testcase name="test2" classname="TestNGPracticeTests.TestListener" time="1.026">
    <failure message="Method TestNGPracticeTests.TestListener.test2() didn&apos;t finish within the time-out 1000" type="org.testng.internal.thread.ThreadTimeoutException"><![CDATA[org.testng.internal.thread.ThreadTimeoutException: Method TestNGPracticeTests.TestListener.test2() didn't finish within the time-out 1000
	at org.testng.internal.MethodInvocationHelper.invokeWithTimeoutWithNewExecutor(MethodInvocationHelper.java:371)
	at org.testng.internal.MethodInvocationHelper.invokeWithTimeout(MethodInvocationHelper.java:282)
	at org.testng.internal.TestInvoker.invokeMethod(TestInvoker.java:605)
	at org.testng.internal.TestInvoker.invokeTestMethod(TestInvoker.java:174)
	at org.testng.internal.MethodRunner.runInSequence(MethodRunner.java:46)
	at org.testng.internal.TestInvoker$MethodInvocationAgent.invoke(TestInvoker.java:822)
	at org.testng.internal.TestInvoker.invokeTestMethods(TestInvoker.java:147)
	at org.testng.internal.TestMethodWorker.invokeTestMethods(TestMethodWorker.java:146)
	at org.testng.internal.TestMethodWorker.run(TestMethodWorker.java:128)
	at java.base/java.util.ArrayList.forEach(ArrayList.java:1511)
	at org.testng.TestRunner.privateRun(TestRunner.java:764)
	at org.testng.TestRunner.run(TestRunner.java:585)
	at org.testng.SuiteRunner.runTest(SuiteRunner.java:384)
	at org.testng.SuiteRunner.runSequentially(SuiteRunner.java:378)
	at org.testng.SuiteRunner.privateRun(SuiteRunner.java:337)
	at org.testng.SuiteRunner.run(SuiteRunner.java:286)
	at org.testng.SuiteRunnerWorker.runSuite(SuiteRunnerWorker.java:53)
	at org.testng.SuiteRunnerWorker.run(SuiteRunnerWorker.java:96)
	at org.testng.TestNG.runSuitesSequentially(TestNG.java:1218)
	at org.testng.TestNG.runSuitesLocally(TestNG.java:1140)
	at org.testng.TestNG.runSuites(TestNG.java:1069)
	at org.testng.TestNG.run(TestNG.java:1037)
	at org.apache.maven.surefire.testng.TestNGExecutor.run(TestNGExecutor.java:155)
	at org.apache.maven.surefire.testng.TestNGDirectoryTestSuite.executeMulti(TestNGDirectoryTestSuite.java:169)
	at org.apache.maven.surefire.testng.TestNGDirectoryTestSuite.execute(TestNGDirectoryTestSuite.java:88)
	at org.apache.maven.surefire.testng.TestNGProvider.invoke(TestNGProvider.java:137)
	at org.apache.maven.surefire.booter.ForkedBooter.runSuitesInProcess(ForkedBooter.java:385)
	at org.apache.maven.surefire.booter.ForkedBooter.execute(ForkedBooter.java:162)
	at org.apache.maven.surefire.booter.ForkedBooter.run(ForkedBooter.java:507)
	at org.apache.maven.surefire.booter.ForkedBooter.main(ForkedBooter.java:495)
]]></failure>
    <system-out><![CDATA[Test Started: test2
Test Failed: test2
]]></system-out>
  </testcase>
  <testcase name="test3" classname="TestNGPracticeTests.TestListener" time="0.001">
    <system-out><![CDATA[Test Started: test3
Test case3
Test Passed: test3
]]></system-out>
  </testcase>
  <testcase name="test" classname="TestNGPracticeTests.TestngAnnotationsTest" time="0.0">
    <system-out><![CDATA[Before Class
Before Method
Test Started: test
TEST
Test Passed: test
]]></system-out>
  </testcase>
</testsuite>