<?xml version="1.0" encoding="UTF-8"?>
<!-- Generated by org.testng.reporters.JUnitReportReporter -->
<testsuite hostname="QT-INHD-LT0811" failures="0" tests="5" name="TestNGPracticeTests.ExcelDataProviderTest" time="0.016" errors="0" timestamp="2024-05-07T14:57:12 IST" skipped="0">
  <testcase classname="TestNGPracticeTests.ExcelDataProviderTest" name="printUserCerds" time="0.002"/>
  <system-out/>
  <testcase classname="TestNGPracticeTests.ExcelDataProviderTest" name="printUserCerds" time="0.002"/>
  <system-out/>
  <testcase classname="TestNGPracticeTests.ExcelDataProviderTest" name="printUserCerds" time="0.001"/>
  <system-out/>
  <testcase classname="TestNGPracticeTests.ExcelDataProviderTest" name="printUserCerds" time="0.010"/>
  <system-out/>
  <testcase classname="TestNGPracticeTests.ExcelDataProviderTest" name="printUserCerds" time="0.001"/>
  <system-out/>
</testsuite> <!-- TestNGPracticeTests.ExcelDataProviderTest -->
