<?xml version="1.0" encoding="UTF-8"?>
<!-- Generated by org.testng.reporters.JUnitReportReporter -->
<testsuite hostname="QT-INHD-LT0811" failures="0" tests="4" name="CucumberTestNG.FirstTestRunner" time="0.123" errors="0" timestamp="2024-04-22T17:51:57 IST" skipped="0">
  <testcase classname="CucumberTestNG.FirstTestRunner" name="runScenario" time="0.009"/>
  <system-out/>
  <testcase classname="CucumberTestNG.FirstTestRunner" name="runScenario" time="0.007"/>
  <system-out/>
  <testcase classname="CucumberTestNG.FirstTestRunner" name="runScenario" time="0.098"/>
  <system-out/>
  <testcase classname="CucumberTestNG.FirstTestRunner" name="runScenario" time="0.009"/>
  <system-out/>
</testsuite> <!-- CucumberTestNG.FirstTestRunner -->
