<?xml version="1.0" encoding="UTF-8"?>
<!-- Generated by org.testng.reporters.JUnitReportReporter -->
<testsuite hostname="QT-INHD-LT0811" failures="0" tests="1" name="TestNGPracticeTests.Screenshots" time="8.818" errors="0" timestamp="2024-07-08T16:54:17 IST" skipped="0">
  <testcase classname="TestNGPracticeTests.Screenshots" name="test1" time="8.818"/>
  <system-out/>
</testsuite> <!-- TestNGPracticeTests.Screenshots -->
