<?xml version="1.0" encoding="UTF-8"?>
<!-- Generated by org.testng.reporters.JUnitReportReporter -->
<testsuite hostname="QT-INHD-LT0811" failures="0" tests="2" name="TestNGPracticeTests.SecondTest" time="15.374" errors="0" timestamp="2024-04-30T16:41:15 IST" skipped="0">
  <testcase classname="TestNGPracticeTests.SecondTest" name="test2" time="11.275"/>
  <system-out/>
  <testcase classname="TestNGPracticeTests.SecondTest" name="test1" time="4.099"/>
  <system-out/>
</testsuite> <!-- TestNGPracticeTests.SecondTest -->
