<?xml version="1.0" encoding="UTF-8"?>
<!-- Generated by org.testng.reporters.JUnitReportReporter -->
<testsuite hostname="QT-INHD-LT0811" failures="0" tests="1" name="TestNGPracticeTests.GroupTests1" time="0.012" errors="0" timestamp="2024-05-02T17:48:32 IST" skipped="0">
  <testcase classname="TestNGPracticeTests.GroupTests1" name="gpTest15" time="0.012"/>
  <system-out/>
</testsuite> <!-- TestNGPracticeTests.GroupTests1 -->
