<?xml version="1.0" encoding="UTF-8"?>
<!-- Generated by org.testng.reporters.JUnitReportReporter -->
<testsuite hostname="QT-INHD-LT0811" failures="0" tests="1" name="TestNGPracticeTests.TestngAnnotationsTest" time="0.008" errors="0" timestamp="2024-05-02T16:19:30 IST" skipped="0">
  <testcase classname="TestNGPracticeTests.TestngAnnotationsTest" name="test" time="0.008"/>
  <system-out/>
</testsuite> <!-- TestNGPracticeTests.TestngAnnotationsTest -->
