<?xml version="1.0" encoding="UTF-8"?>
<!-- Generated by org.testng.reporters.JUnitReportReporter -->
<testsuite hostname="QT-INHD-LT0811" failures="0" tests="3" name="MyTestsPOM.HomepageTestPOM" time="0.211" errors="0" timestamp="2024-07-02T14:31:31 IST" skipped="0">
  <testcase classname="MyTestsPOM.HomepageTestPOM" name="contactTest" time="0.094"/>
  <system-out/>
  <testcase classname="MyTestsPOM.HomepageTestPOM" name="headerTest" time="0.062"/>
  <system-out/>
  <testcase classname="MyTestsPOM.HomepageTestPOM" name="headings" time="0.055"/>
  <system-out/>
</testsuite> <!-- MyTestsPOM.HomepageTestPOM -->
