<?xml version="1.0" encoding="UTF-8"?>
<!-- Generated by org.testng.reporters.JUnitReportReporter -->
<testsuite hostname="QT-INHD-LT0811" failures="0" tests="1" name="TestNGPracticeTests.GroupTests2" time="0.001" errors="0" timestamp="2024-05-02T17:48:32 IST" skipped="0">
  <testcase classname="TestNGPracticeTests.GroupTests2" name="gpTest23" time="0.001"/>
  <system-out/>
</testsuite> <!-- TestNGPracticeTests.GroupTests2 -->
