<?xml version="1.0" encoding="UTF-8"?>
<!-- Generated by org.testng.reporters.JUnitReportReporter -->
<testsuite hostname="QT-INHD-LT0811" failures="0" tests="1" name="TestNGPracticeTests.FirstTest" time="12.267" errors="0" timestamp="2024-06-14T15:16:29 IST" skipped="0">
  <testcase classname="TestNGPracticeTests.FirstTest" name="test1" time="12.267"/>
  <system-out/>
</testsuite> <!-- TestNGPracticeTests.FirstTest -->
