<?xml version="1.0" encoding="UTF-8"?>
<!-- Generated by org.testng.reporters.JUnitReportReporter -->
<testsuite hostname="QT-INHD-LT0811" failures="0" tests="4" name="TestNGPracticeTests.TestDataProvider1" time="0.020" errors="0" timestamp="2024-05-03T11:59:48 IST" skipped="0">
  <testcase classname="TestNGPracticeTests.TestDataProvider1" name="userCreds" time="0.000"/>
  <system-out/>
  <testcase classname="TestNGPracticeTests.TestDataProvider1" name="userCreds" time="0.001"/>
  <system-out/>
  <testcase classname="TestNGPracticeTests.TestDataProvider1" name="userCreds" time="0.018"/>
  <system-out/>
  <testcase classname="TestNGPracticeTests.TestDataProvider1" name="userCreds" time="0.001"/>
  <system-out/>
</testsuite> <!-- TestNGPracticeTests.TestDataProvider1 -->
