<?xml version="1.0" encoding="UTF-8"?>
<!-- Generated by org.testng.reporters.JUnitReportReporter -->
<testsuite hostname="QT-INHD-LT0811" failures="0" tests="3" name="TestNGPracticeTests.ParameterizedTests2" time="0.002" errors="0" timestamp="2024-05-02T16:18:14 IST" skipped="2">
  <testcase classname="TestNGPracticeTests.ParameterizedTests2" name="PT2_3" time="0.002"/>
  <system-out/>
  <testcase classname="TestNGPracticeTests.ParameterizedTests2" name="PT2_2">
    <skipped/>
  </testcase> <!-- PT2_2 -->
  <system-out/>
  <testcase classname="TestNGPracticeTests.ParameterizedTests2" name="PT2_1">
    <skipped/>
  </testcase> <!-- PT2_1 -->
  <system-out/>
</testsuite> <!-- TestNGPracticeTests.ParameterizedTests2 -->
