<?xml version="1.0" encoding="UTF-8"?>
<!-- Generated by org.testng.reporters.JUnitReportReporter -->
<testsuite hostname="QT-INHD-LT0811" failures="0" tests="1" name="StepDefinations.SeleniumExceptionPractice" time="9.026" errors="0" timestamp="2024-07-01T11:57:58 IST" skipped="0">
  <testcase classname="StepDefinations.SeleniumExceptionPractice" name="exceptions" time="9.026"/>
  <system-out/>
</testsuite> <!-- StepDefinations.SeleniumExceptionPractice -->
