<?xml version="1.0" encoding="UTF-8"?>
<!-- Generated by org.testng.reporters.JUnitReportReporter -->
<testsuite hostname="QT-INHD-LT0811" failures="0" tests="3" name="TestNGPracticeTests.ParametrizedTests1" time="0.009" errors="0" timestamp="2024-05-02T16:19:30 IST" skipped="0">
  <testcase classname="TestNGPracticeTests.ParametrizedTests1" name="PT1_2" time="0.002"/>
  <system-out/>
  <testcase classname="TestNGPracticeTests.ParametrizedTests1" name="PT1_3" time="0.003"/>
  <system-out/>
  <testcase classname="TestNGPracticeTests.ParametrizedTests1" name="PT1_1" time="0.004"/>
  <system-out/>
</testsuite> <!-- TestNGPracticeTests.ParametrizedTests1 -->
