<?xml version="1.0" encoding="UTF-8"?>
<!-- Generated by org.testng.reporters.JUnitReportReporter -->
<testsuite hostname="QT-INHD-LT0811" failures="0" tests="3" name="TestNGPracticeTests.SecondTest" time="27.710" errors="0" timestamp="2024-06-19T17:17:17 IST" skipped="0">
  <testcase classname="TestNGPracticeTests.SecondTest" name="test1" time="8.133"/>
  <system-out/>
  <testcase classname="TestNGPracticeTests.SecondTest" name="test3" time="6.609"/>
  <system-out/>
  <testcase classname="TestNGPracticeTests.SecondTest" name="test2" time="12.968"/>
  <system-out/>
</testsuite> <!-- TestNGPracticeTests.SecondTest -->
