<?xml version="1.0" encoding="UTF-8"?>
<!-- Generated by org.testng.reporters.JUnitReportReporter -->
<testsuite hostname="QT-INHD-LT0811" failures="0" tests="5" name="TestNGPracticeTests.ExcelDataProviderTest" time="0.008" errors="0" timestamp="2024-06-19T17:17:17 IST" skipped="0">
  <testcase classname="TestNGPracticeTests.ExcelDataProviderTest" name="printUserCerds" time="0.001"/>
  <system-out/>
  <testcase classname="TestNGPracticeTests.ExcelDataProviderTest" name="printUserCerds" time="0.001"/>
  <system-out/>
  <testcase classname="TestNGPracticeTests.ExcelDataProviderTest" name="printUserCerds" time="0.001"/>
  <system-out/>
  <testcase classname="TestNGPracticeTests.ExcelDataProviderTest" name="printUserCerds" time="0.004"/>
  <system-out/>
  <testcase classname="TestNGPracticeTests.ExcelDataProviderTest" name="printUserCerds" time="0.001"/>
  <system-out/>
</testsuite> <!-- TestNGPracticeTests.ExcelDataProviderTest -->
